
Showing logs for build [32mcb-kubecd-environment-pr-205-17-d4lkk-1[0m stage [32mfrom-build-pack[0m and container [32mstep-credential-initializer-2pd5s[0m
{"level":"info","ts":1587205991.820614,"logger":"fallback-logger","caller":"logging/config.go:69","msg":"Fetch GitHub commit ID from kodata failed: open /var/run/ko/refs/heads/0.8.0-ns-support: no such file or directory"}
{"level":"info","ts":1587205991.8213048,"logger":"fallback-logger","caller":"creds-init/main.go:40","msg":"Credentials initialized."}

Showing logs for build [32mcb-kubecd-environment-pr-205-17-d4lkk-1[0m stage [32mfrom-build-pack[0m and container [32mstep-working-dir-initializer-v77qp[0m
{"level":"info","ts":1587205993.1589797,"logger":"fallback-logger","caller":"logging/config.go:69","msg":"Fetch GitHub commit ID from kodata failed: open /var/run/ko/HEAD: no such file or directory"}
{"level":"info","ts":1587205993.1613295,"logger":"fallback-logger","caller":"bash/main.go:64","msg":"Successfully executed command \"sh -c mkdir -p /workspace/source\"; output "}

Showing logs for build [32mcb-kubecd-environment-pr-205-17-d4lkk-1[0m stage [32mfrom-build-pack[0m and container [32mstep-place-tools[0m

Showing logs for build [32mcb-kubecd-environment-pr-205-17-d4lkk-1[0m stage [32mfrom-build-pack[0m and container [32mstep-git-source-cb-kubecd-environment-pr-205-17-d4lkk-qdd55[0m
{"level":"info","ts":1587205996.2837772,"logger":"fallback-logger","caller":"logging/config.go:69","msg":"Fetch GitHub commit ID from kodata failed: open /var/run/ko/refs/heads/0.8.0-ns-support: no such file or directory"}
{"level":"info","ts":1587205997.3197951,"logger":"fallback-logger","caller":"git/git.go:103","msg":"Successfully cloned https://github.com/cb-kubecd/environment-pr-205-17-boot-gke-staging.git @ master in path /workspace/source"}

Showing logs for build [32mcb-kubecd-environment-pr-205-17-d4lkk-1[0m stage [32mfrom-build-pack[0m and container [32mstep-git-merge[0m
Using SHAs from PULL_REFS=master:d58e9e38c1dd2069bd14e5637184c044b8bd388a,1:e37354fa0314278c8dee31a7d75017103abb15e2
DEBUG: LC_ALL=C JX_LOG_LEVEL=error git fetch origin --unshallow e37354fa0314278c8dee31a7d75017103abb15e2: d58e9e38c1dd2069bd14e5637184c044b8bd388a:
DEBUG: ran git fetch --unshallow origin e37354fa0314278c8dee31a7d75017103abb15e2: d58e9e38c1dd2069bd14e5637184c044b8bd388a: in 
DEBUG: LC_ALL=C JX_LOG_LEVEL=error git branch
DEBUG: LC_ALL=C JX_LOG_LEVEL=error git checkout master
DEBUG: ran git checkout master in 
DEBUG: JX_LOG_LEVEL=error LC_ALL=C git reset --hard d58e9e38c1dd2069bd14e5637184c044b8bd388a
DEBUG: ran git reset --hard d58e9e38c1dd2069bd14e5637184c044b8bd388a in 
DEBUG: LC_ALL=C JX_LOG_LEVEL=error git clean -fd .
DEBUG: ran clean --force -d . in 
DEBUG: LC_ALL=C JX_LOG_LEVEL=error git merge e37354fa0314278c8dee31a7d75017103abb15e2
DEBUG: ran git merge e37354fa0314278c8dee31a7d75017103abb15e2 in 
DEBUG: LC_ALL=C JX_LOG_LEVEL=error git log --format=%H%x1f%an%x1f%ae%x1f%cn%x1f%ce%x1f%s%n%b%x1e d58e9e38c1dd2069bd14e5637184c044b8bd388a..HEAD
Merged SHA e37354fa0314278c8dee31a7d75017103abb15e2 with commit message 'chore: Promote bdd-spring-1587205679 to version 0.0.1' into base branch master

Showing logs for build [32mcb-kubecd-environment-pr-205-17-d4lkk-1[0m stage [32mfrom-build-pack[0m and container [32mstep-build-helm-build[0m
WARNING: No $CHART_REPOSITORY defined so using the default value of: http://jenkins-x-chartmuseum:8080
Adding missing Helm repo: storage.googleapis.com https://storage.googleapis.com/chartmuseum.jenkins-x.io
WARNING: No secrets found on "helm/repos" due: reading the secret "helm/repos" from vault: no secret "helm/repos" not found in vault
Read credentials for https://storage.googleapis.com/chartmuseum.jenkins-x.io from vault helm/repos
Successfully added Helm repository storage.googleapis.com.
Adding missing Helm repo: jenkins-x-chartmuseum http://jenkins-x-chartmuseum:8080
WARNING: No secrets found on "helm/repos" due: reading the secret "helm/repos" from vault: no secret "helm/repos" not found in vault
Read credentials for http://jenkins-x-chartmuseum:8080 from vault helm/repos
Successfully added Helm repository jenkins-x-chartmuseum.
WARNING: No $CHART_REPOSITORY defined so using the default value of: http://jenkins-x-chartmuseum:8080
Adding missing Helm repo: chartmuseum.jenkins-x.io http://chartmuseum.jenkins-x.io
WARNING: No secrets found on "helm/repos" due: reading the secret "helm/repos" from vault: no secret "helm/repos" not found in vault
Read credentials for http://chartmuseum.jenkins-x.io from vault helm/repos
Successfully added Helm repository chartmuseum.jenkins-x.io.
