
Showing logs for build [32mcb-kubecd-environment-pr-205-17-78w57-1[0m stage [32mfrom-build-pack[0m and container [32mstep-credential-initializer-gcnkb[0m
{"level":"info","ts":1587207150.7803216,"logger":"fallback-logger","caller":"logging/config.go:69","msg":"Fetch GitHub commit ID from kodata failed: open /var/run/ko/refs/heads/0.8.0-ns-support: no such file or directory"}
{"level":"info","ts":1587207150.7811973,"logger":"fallback-logger","caller":"creds-init/main.go:40","msg":"Credentials initialized."}

Showing logs for build [32mcb-kubecd-environment-pr-205-17-78w57-1[0m stage [32mfrom-build-pack[0m and container [32mstep-working-dir-initializer-mlz9b[0m
{"level":"info","ts":1587207151.8646815,"logger":"fallback-logger","caller":"logging/config.go:69","msg":"Fetch GitHub commit ID from kodata failed: open /var/run/ko/HEAD: no such file or directory"}
{"level":"info","ts":1587207151.868395,"logger":"fallback-logger","caller":"bash/main.go:64","msg":"Successfully executed command \"sh -c mkdir -p /workspace/source\"; output "}

Showing logs for build [32mcb-kubecd-environment-pr-205-17-78w57-1[0m stage [32mfrom-build-pack[0m and container [32mstep-place-tools[0m

Showing logs for build [32mcb-kubecd-environment-pr-205-17-78w57-1[0m stage [32mfrom-build-pack[0m and container [32mstep-git-source-cb-kubecd-environment-pr-205-17-78w57-ffwvt[0m
{"level":"info","ts":1587207157.9171069,"logger":"fallback-logger","caller":"logging/config.go:69","msg":"Fetch GitHub commit ID from kodata failed: open /var/run/ko/refs/heads/0.8.0-ns-support: no such file or directory"}
{"level":"info","ts":1587207159.001283,"logger":"fallback-logger","caller":"git/git.go:103","msg":"Successfully cloned https://github.com/cb-kubecd/environment-pr-205-17-boot-gke-staging.git @ master in path /workspace/source"}

Showing logs for build [32mcb-kubecd-environment-pr-205-17-78w57-1[0m stage [32mfrom-build-pack[0m and container [32mstep-git-merge[0m
Using SHAs from PULL_REFS=master:3c28446baac6e128551d08c2e8ca35f5a1a96109,2:1a325a7d3403ebb04ec4aea7913886f0e8464ea0
DEBUG: LC_ALL=C JX_LOG_LEVEL=error git fetch origin --unshallow 1a325a7d3403ebb04ec4aea7913886f0e8464ea0: 3c28446baac6e128551d08c2e8ca35f5a1a96109:
DEBUG: ran git fetch --unshallow origin 1a325a7d3403ebb04ec4aea7913886f0e8464ea0: 3c28446baac6e128551d08c2e8ca35f5a1a96109: in 
DEBUG: LC_ALL=C JX_LOG_LEVEL=error git branch
DEBUG: LC_ALL=C JX_LOG_LEVEL=error git checkout master
DEBUG: ran git checkout master in 
DEBUG: JX_LOG_LEVEL=error LC_ALL=C git reset --hard 3c28446baac6e128551d08c2e8ca35f5a1a96109
DEBUG: ran git reset --hard 3c28446baac6e128551d08c2e8ca35f5a1a96109 in 
DEBUG: LC_ALL=C JX_LOG_LEVEL=error git clean -fd .
DEBUG: ran clean --force -d . in 
DEBUG: LC_ALL=C JX_LOG_LEVEL=error git merge 1a325a7d3403ebb04ec4aea7913886f0e8464ea0
DEBUG: ran git merge 1a325a7d3403ebb04ec4aea7913886f0e8464ea0 in 
DEBUG: LC_ALL=C JX_LOG_LEVEL=error git log --format=%H%x1f%an%x1f%ae%x1f%cn%x1f%ce%x1f%s%n%b%x1e 3c28446baac6e128551d08c2e8ca35f5a1a96109..HEAD
Merged SHA 1a325a7d3403ebb04ec4aea7913886f0e8464ea0 with commit message 'chore: Promote bdd-sbhg-1587206761 to version 0.0.1' into base branch master

Showing logs for build [32mcb-kubecd-environment-pr-205-17-78w57-1[0m stage [32mfrom-build-pack[0m and container [32mstep-build-helm-build[0m
WARNING: No $CHART_REPOSITORY defined so using the default value of: http://jenkins-x-chartmuseum:8080
Adding missing Helm repo: storage.googleapis.com https://storage.googleapis.com/chartmuseum.jenkins-x.io
WARNING: No secrets found on "helm/repos" due: reading the secret "helm/repos" from vault: no secret "helm/repos" not found in vault
Read credentials for https://storage.googleapis.com/chartmuseum.jenkins-x.io from vault helm/repos
Successfully added Helm repository storage.googleapis.com.
Adding missing Helm repo: jenkins-x-chartmuseum http://jenkins-x-chartmuseum:8080
WARNING: No secrets found on "helm/repos" due: reading the secret "helm/repos" from vault: no secret "helm/repos" not found in vault
Read credentials for http://jenkins-x-chartmuseum:8080 from vault helm/repos
Successfully added Helm repository jenkins-x-chartmuseum.
WARNING: No $CHART_REPOSITORY defined so using the default value of: http://jenkins-x-chartmuseum:8080
Adding missing Helm repo: chartmuseum.jenkins-x.io http://chartmuseum.jenkins-x.io
WARNING: No secrets found on "helm/repos" due: reading the secret "helm/repos" from vault: no secret "helm/repos" not found in vault
Read credentials for http://chartmuseum.jenkins-x.io from vault helm/repos
Successfully added Helm repository chartmuseum.jenkins-x.io.
