
Showing logs for build [32mcb-kubecd-environment-pr-205-17-6f575-1[0m stage [32mfrom-build-pack[0m and container [32mstep-credential-initializer-94gx5[0m
{"level":"info","ts":1587207853.7527645,"logger":"fallback-logger","caller":"logging/config.go:69","msg":"Fetch GitHub commit ID from kodata failed: open /var/run/ko/refs/heads/0.8.0-ns-support: no such file or directory"}
{"level":"info","ts":1587207853.76198,"logger":"fallback-logger","caller":"creds-init/main.go:40","msg":"Credentials initialized."}

Showing logs for build [32mcb-kubecd-environment-pr-205-17-6f575-1[0m stage [32mfrom-build-pack[0m and container [32mstep-working-dir-initializer-p6pg2[0m
{"level":"info","ts":1587207855.2223597,"logger":"fallback-logger","caller":"logging/config.go:69","msg":"Fetch GitHub commit ID from kodata failed: open /var/run/ko/HEAD: no such file or directory"}
{"level":"info","ts":1587207855.2239301,"logger":"fallback-logger","caller":"bash/main.go:64","msg":"Successfully executed command \"sh -c mkdir -p /workspace/source\"; output "}

Showing logs for build [32mcb-kubecd-environment-pr-205-17-6f575-1[0m stage [32mfrom-build-pack[0m and container [32mstep-place-tools[0m

Showing logs for build [32mcb-kubecd-environment-pr-205-17-6f575-1[0m stage [32mfrom-build-pack[0m and container [32mstep-git-source-cb-kubecd-environment-pr-205-17-6f575-dxzjk[0m
{"level":"info","ts":1587207861.4222064,"logger":"fallback-logger","caller":"logging/config.go:69","msg":"Fetch GitHub commit ID from kodata failed: open /var/run/ko/refs/heads/0.8.0-ns-support: no such file or directory"}
{"level":"info","ts":1587207862.518383,"logger":"fallback-logger","caller":"git/git.go:103","msg":"Successfully cloned https://github.com/cb-kubecd/environment-pr-205-17-boot-gke-staging.git @ master in path /workspace/source"}

Showing logs for build [32mcb-kubecd-environment-pr-205-17-6f575-1[0m stage [32mfrom-build-pack[0m and container [32mstep-git-merge[0m
Using SHAs from PULL_REFS=master:15270682b6ee32846b9f7108e5a96b1004a47c17,3:4a6017d2578540f83d4a15fa21e91259119b7e1c
DEBUG: LC_ALL=C JX_LOG_LEVEL=error git fetch origin --unshallow 4a6017d2578540f83d4a15fa21e91259119b7e1c: 15270682b6ee32846b9f7108e5a96b1004a47c17:
DEBUG: ran git fetch --unshallow origin 4a6017d2578540f83d4a15fa21e91259119b7e1c: 15270682b6ee32846b9f7108e5a96b1004a47c17: in 
DEBUG: LC_ALL=C JX_LOG_LEVEL=error git branch
DEBUG: LC_ALL=C JX_LOG_LEVEL=error git checkout master
DEBUG: ran git checkout master in 
DEBUG: JX_LOG_LEVEL=error LC_ALL=C git reset --hard 15270682b6ee32846b9f7108e5a96b1004a47c17
DEBUG: ran git reset --hard 15270682b6ee32846b9f7108e5a96b1004a47c17 in 
DEBUG: LC_ALL=C JX_LOG_LEVEL=error git clean -fd .
DEBUG: ran clean --force -d . in 
DEBUG: LC_ALL=C JX_LOG_LEVEL=error git merge 4a6017d2578540f83d4a15fa21e91259119b7e1c
DEBUG: ran git merge 4a6017d2578540f83d4a15fa21e91259119b7e1c in 
DEBUG: LC_ALL=C JX_LOG_LEVEL=error git log --format=%H%x1f%an%x1f%ae%x1f%cn%x1f%ce%x1f%s%n%b%x1e 15270682b6ee32846b9f7108e5a96b1004a47c17..HEAD
Merged SHA 4a6017d2578540f83d4a15fa21e91259119b7e1c with commit message 'chore: Promote bdd-gh-1587206761 to version 0.0.1' into base branch master

Showing logs for build [32mcb-kubecd-environment-pr-205-17-6f575-1[0m stage [32mfrom-build-pack[0m and container [32mstep-build-helm-build[0m
WARNING: No $CHART_REPOSITORY defined so using the default value of: http://jenkins-x-chartmuseum:8080
Adding missing Helm repo: storage.googleapis.com https://storage.googleapis.com/chartmuseum.jenkins-x.io
WARNING: No secrets found on "helm/repos" due: reading the secret "helm/repos" from vault: no secret "helm/repos" not found in vault
Read credentials for https://storage.googleapis.com/chartmuseum.jenkins-x.io from vault helm/repos
Successfully added Helm repository storage.googleapis.com.
Adding missing Helm repo: jenkins-x-chartmuseum http://jenkins-x-chartmuseum:8080
WARNING: No secrets found on "helm/repos" due: reading the secret "helm/repos" from vault: no secret "helm/repos" not found in vault
Read credentials for http://jenkins-x-chartmuseum:8080 from vault helm/repos
Successfully added Helm repository jenkins-x-chartmuseum.
WARNING: No $CHART_REPOSITORY defined so using the default value of: http://jenkins-x-chartmuseum:8080
Adding missing Helm repo: chartmuseum.jenkins-x.io http://chartmuseum.jenkins-x.io
WARNING: No secrets found on "helm/repos" due: reading the secret "helm/repos" from vault: no secret "helm/repos" not found in vault
Read credentials for http://chartmuseum.jenkins-x.io from vault helm/repos
Successfully added Helm repository chartmuseum.jenkins-x.io.
