
Showing logs for build [32mcb-kubecd-environment-pr-205-17-j5qnn-1[0m stage [32mfrom-build-pack[0m and container [32mstep-credential-initializer-p7tbs[0m
{"level":"info","ts":1587209207.2091851,"logger":"fallback-logger","caller":"logging/config.go:69","msg":"Fetch GitHub commit ID from kodata failed: open /var/run/ko/refs/heads/0.8.0-ns-support: no such file or directory"}
{"level":"info","ts":1587209207.2099116,"logger":"fallback-logger","caller":"creds-init/main.go:40","msg":"Credentials initialized."}

Showing logs for build [32mcb-kubecd-environment-pr-205-17-j5qnn-1[0m stage [32mfrom-build-pack[0m and container [32mstep-working-dir-initializer-455vw[0m
{"level":"info","ts":1587209208.5196066,"logger":"fallback-logger","caller":"logging/config.go:69","msg":"Fetch GitHub commit ID from kodata failed: open /var/run/ko/HEAD: no such file or directory"}
{"level":"info","ts":1587209208.5225232,"logger":"fallback-logger","caller":"bash/main.go:64","msg":"Successfully executed command \"sh -c mkdir -p /workspace/source\"; output "}

Showing logs for build [32mcb-kubecd-environment-pr-205-17-j5qnn-1[0m stage [32mfrom-build-pack[0m and container [32mstep-place-tools[0m

Showing logs for build [32mcb-kubecd-environment-pr-205-17-j5qnn-1[0m stage [32mfrom-build-pack[0m and container [32mstep-git-source-cb-kubecd-environment-pr-205-17-j5qnn-g7vg2[0m
{"level":"info","ts":1587209237.0351994,"logger":"fallback-logger","caller":"logging/config.go:69","msg":"Fetch GitHub commit ID from kodata failed: open /var/run/ko/refs/heads/0.8.0-ns-support: no such file or directory"}
{"level":"info","ts":1587209238.1319828,"logger":"fallback-logger","caller":"git/git.go:103","msg":"Successfully cloned https://github.com/cb-kubecd/environment-pr-205-17-boot-gke-staging.git @ master in path /workspace/source"}

Showing logs for build [32mcb-kubecd-environment-pr-205-17-j5qnn-1[0m stage [32mfrom-build-pack[0m and container [32mstep-git-merge[0m
Using SHAs from PULL_REFS=master:0fb5f96c970b9ad1c6171e75101b383d1e2bc9ec,5:111f782235dbb383f6df8aeedc1ca7073e62979a
DEBUG: JX_LOG_LEVEL=error LC_ALL=C git fetch origin --unshallow 111f782235dbb383f6df8aeedc1ca7073e62979a: 0fb5f96c970b9ad1c6171e75101b383d1e2bc9ec:
DEBUG: ran git fetch --unshallow origin 111f782235dbb383f6df8aeedc1ca7073e62979a: 0fb5f96c970b9ad1c6171e75101b383d1e2bc9ec: in 
DEBUG: LC_ALL=C JX_LOG_LEVEL=error git branch
DEBUG: LC_ALL=C JX_LOG_LEVEL=error git checkout master
DEBUG: ran git checkout master in 
DEBUG: LC_ALL=C JX_LOG_LEVEL=error git reset --hard 0fb5f96c970b9ad1c6171e75101b383d1e2bc9ec
DEBUG: ran git reset --hard 0fb5f96c970b9ad1c6171e75101b383d1e2bc9ec in 
DEBUG: LC_ALL=C JX_LOG_LEVEL=error git clean -fd .
DEBUG: ran clean --force -d . in 
DEBUG: LC_ALL=C JX_LOG_LEVEL=error git merge 111f782235dbb383f6df8aeedc1ca7073e62979a
DEBUG: ran git merge 111f782235dbb383f6df8aeedc1ca7073e62979a in 
DEBUG: LC_ALL=C JX_LOG_LEVEL=error git log --format=%H%x1f%an%x1f%ae%x1f%cn%x1f%ce%x1f%s%n%b%x1e 0fb5f96c970b9ad1c6171e75101b383d1e2bc9ec..HEAD
Merged SHA 111f782235dbb383f6df8aeedc1ca7073e62979a with commit message 'chore: Promote bdd-sbhg-import-1587208938 to version 0.0.1' into base branch master

Showing logs for build [32mcb-kubecd-environment-pr-205-17-j5qnn-1[0m stage [32mfrom-build-pack[0m and container [32mstep-build-helm-build[0m
WARNING: No $CHART_REPOSITORY defined so using the default value of: http://jenkins-x-chartmuseum:8080
Adding missing Helm repo: storage.googleapis.com https://storage.googleapis.com/chartmuseum.jenkins-x.io
WARNING: No secrets found on "helm/repos" due: reading the secret "helm/repos" from vault: no secret "helm/repos" not found in vault
Read credentials for https://storage.googleapis.com/chartmuseum.jenkins-x.io from vault helm/repos
Successfully added Helm repository storage.googleapis.com.
Adding missing Helm repo: jenkins-x-chartmuseum http://jenkins-x-chartmuseum:8080
WARNING: No secrets found on "helm/repos" due: reading the secret "helm/repos" from vault: no secret "helm/repos" not found in vault
Read credentials for http://jenkins-x-chartmuseum:8080 from vault helm/repos
Successfully added Helm repository jenkins-x-chartmuseum.
WARNING: No $CHART_REPOSITORY defined so using the default value of: http://jenkins-x-chartmuseum:8080
Adding missing Helm repo: chartmuseum.jenkins-x.io http://chartmuseum.jenkins-x.io
WARNING: No secrets found on "helm/repos" due: reading the secret "helm/repos" from vault: no secret "helm/repos" not found in vault
Read credentials for http://chartmuseum.jenkins-x.io from vault helm/repos
Successfully added Helm repository chartmuseum.jenkins-x.io.
